<?xml version="1.0" encoding="UTF-8"?>
<!-- Generated by org.testng.reporters.JUnitReportReporter -->
<testsuite hostname="Doshena" failures="0" tests="1" name="tests.RestTest" time="2.050" errors="0" timestamp="2024-07-07T14:16:05 CEST" skipped="0">
  <testcase classname="tests.RestTest" name="kms" time="2.050"/>
</testsuite> <!-- tests.RestTest -->
