<?xml version="1.0" encoding="UTF-8"?>
<!-- Generated by org.testng.reporters.JUnitReportReporter -->
<testsuite hostname="Doshena" failures="0" tests="2" name="tests.Extendreports" time="11.201" errors="0" timestamp="2024-06-06T12:48:27 CEST" skipped="0">
  <testcase classname="tests.Extendreports" name="testKMS" time="6.468"/>
  <testcase classname="tests.Extendreports" name="testKMSOne" time="4.733"/>
</testsuite> <!-- tests.Extendreports -->
