<?xml version="1.0" encoding="UTF-8"?>
<!-- Generated by org.testng.reporters.JUnitReportReporter -->
<testsuite hostname="Doshena" failures="0" tests="1" name="tests.KMSTest" time="12.347" errors="0" timestamp="2024-07-07T23:56:08 CEST" skipped="0">
  <testcase classname="tests.KMSTest" name="test_CaseStudies" time="12.347"/>
</testsuite> <!-- tests.KMSTest -->
