<?xml version="1.0" encoding="UTF-8"?>
<!-- Generated by org.testng.reporters.JUnitReportReporter -->
<testsuite hostname="Doshena" failures="0" tests="1" name="tests.SmokeTest" time="16.033" errors="0" timestamp="2024-07-08T11:56:48 CEST" skipped="0">
  <testcase classname="tests.SmokeTest" name="smoke" time="16.033"/>
</testsuite> <!-- tests.SmokeTest -->
