<?xml version="1.0" encoding="UTF-8"?>
<!-- Generated by org.testng.reporters.JUnitReportReporter -->
<testsuite hostname="Doshena" failures="0" tests="2" name="tests.RestTest" time="3.815" errors="0" timestamp="2024-07-07T20:14:00 CEST" skipped="0">
  <testcase classname="tests.RestTest" name="kms" time="0.397"/>
  <testcase classname="tests.RestTest" name="kms" time="3.418"/>
</testsuite> <!-- tests.RestTest -->
