<?xml version="1.0" encoding="UTF-8"?>
<!-- Generated by org.testng.reporters.JUnitReportReporter -->
<testsuite hostname="Doshena" failures="0" tests="3" name="android.BlazeLoginTest" time="49.329" errors="0" timestamp="2024-06-05T10:26:08 CEST" skipped="0">
  <testcase classname="android.BlazeLoginTest" name="test_Login_And_Verify" time="18.487"/>
  <testcase classname="android.BlazeLoginTest" name="test_Login_And_Verify_About_Us" time="17.546"/>
  <testcase classname="android.BlazeLoginTest" name="test_Alert" time="13.296"/>
</testsuite> <!-- android.BlazeLoginTest -->
