<?xml version="1.0" encoding="UTF-8"?>
<!-- Generated by org.testng.reporters.JUnitReportReporter -->
<testsuite hostname="Doshena" failures="0" tests="1" name="tests.SmokeTest" time="5.663" errors="0" timestamp="2024-06-05T20:15:54 CEST" skipped="0">
  <testcase classname="tests.SmokeTest" name="smoke" time="5.663"/>
</testsuite> <!-- tests.SmokeTest -->
